[    0.000000] Linux version 4.15.0-194-generic (buildd@lcy02-amd64-052) (gcc version 7.5.0 (Ubuntu 7.5.0-3ubuntu1~18.04)) #205-Ubuntu SMP Fri Sep 16 19:49:27 UTC 2022 (Ubuntu 4.15.0-194.205-generic 4.15.18)
[    0.000000] Command line: BOOT_IMAGE=/boot/vmlinuz-4.15.0-194-generic root=LABEL=cloudimg-rootfs ro console=tty1 console=ttyS0
[    0.000000] KERNEL supported cpus:
[    0.000000]   Intel GenuineIntel
[    0.000000]   AMD AuthenticAMD
[    0.000000]   Centaur CentaurHauls
[    0.000000] x86/fpu: Supporting XSAVE feature 0x001: 'x87 floating point registers'
[    0.000000] x86/fpu: Supporting XSAVE feature 0x002: 'SSE registers'
[    0.000000] x86/fpu: Supporting XSAVE feature 0x004: 'AVX registers'
[    0.000000] x86/fpu: xstate_offset[2]:  576, xstate_sizes[2]:  256
[    0.000000] x86/fpu: Enabled xstate features 0x7, context size is 832 bytes, using 'standard' format.
[    0.000000] e820: BIOS-provided physical RAM map:
[    0.000000] BIOS-e820: [mem 0x0000000000000000-0x000000000009fbff] usable
[    0.000000] BIOS-e820: [mem 0x000000000009fc00-0x000000000009ffff] reserved
[    0.000000] BIOS-e820: [mem 0x00000000000f0000-0x00000000000fffff] reserved
[    0.000000] BIOS-e820: [mem 0x0000000000100000-0x000000000fdeffff] usable
[    0.000000] BIOS-e820: [mem 0x000000000fdf0000-0x000000000fdfffff] ACPI data
[    0.000000] BIOS-e820: [mem 0x00000000fec00000-0x00000000fec00fff] reserved
[    0.000000] BIOS-e820: [mem 0x00000000fee00000-0x00000000fee00fff] reserved
[    0.000000] BIOS-e820: [mem 0x00000000fffc0000-0x00000000ffffffff] reserved
[    0.000000] NX (Execute Disable) protection: active
[    0.000000] SMBIOS 2.5 present.
[    0.000000] DMI: innotek GmbH VirtualBox/VirtualBox, BIOS VirtualBox 12/01/2006
[    0.000000] Hypervisor detected: KVM
[    0.000000] e820: last_pfn = 0xfdf0 max_arch_pfn = 0x400000000
[    0.000000] MTRR: Disabled
[    0.000000] x86/PAT: MTRRs disabled, skipping PAT initialization too.
[    0.000000] CPU MTRRs all blank - virtualized system.
[    0.000000] x86/PAT: Configuration [0-7]: WB  WT  UC- UC  WB  WT  UC- UC  
[    0.000000] found SMP MP-table at [mem 0x0009fff0-0x0009ffff]
[    0.000000] Scanning 1 areas for low memory corruption
[    0.000000] RAMDISK: [mem 0x0d8f5000-0x0ec06fff]
[    0.000000] ACPI: Early table checksum verification disabled
[    0.000000] ACPI: RSDP 0x00000000000E0000 000024 (v02 VBOX  )
[    0.000000] ACPI: XSDT 0x000000000FDF0030 00003C (v01 VBOX   VBOXXSDT 00000001 ASL  00000061)
[    0.000000] ACPI: FACP 0x000000000FDF00F0 0000F4 (v04 VBOX   VBOXFACP 00000001 ASL  00000061)
[    0.000000] ACPI: DSDT 0x000000000FDF0470 002325 (v02 VBOX   VBOXBIOS 00000002 INTL 20100528)
[    0.000000] ACPI: FACS 0x000000000FDF0200 000040
[    0.000000] ACPI: FACS 0x000000000FDF0200 000040
[    0.000000] ACPI: APIC 0x000000000FDF0240 00005C (v02 VBOX   VBOXAPIC 00000001 ASL  00000061)
[    0.000000] ACPI: SSDT 0x000000000FDF02A0 0001CC (v01 VBOX   VBOXCPUT 00000002 INTL 20100528)
[    0.000000] ACPI: Reserving FACP table memory at [mem 0xfdf00f0-0xfdf01e3]
[    0.000000] ACPI: Reserving DSDT table memory at [mem 0xfdf0470-0xfdf2794]
[    0.000000] ACPI: Reserving FACS table memory at [mem 0xfdf0200-0xfdf023f]
[    0.000000] ACPI: Reserving FACS table memory at [mem 0xfdf0200-0xfdf023f]
[    0.000000] ACPI: Reserving APIC table memory at [mem 0xfdf0240-0xfdf029b]
[    0.000000] ACPI: Reserving SSDT table memory at [mem 0xfdf02a0-0xfdf046b]
[    0.000000] No NUMA configuration found
[    0.000000] Faking a node at [mem 0x0000000000000000-0x000000000fdeffff]
[    0.000000] NODE_DATA(0) allocated [mem 0x0fdc5000-0x0fdeffff]
[    0.000000] kvm-clock: cpu 0, msr 0:fd44001, primary cpu clock
[    0.000000] kvm-clock: Using msrs 4b564d01 and 4b564d00
[    0.000000] kvm-clock: using sched offset of 5784284269 cycles
[    0.000000] clocksource: kvm-clock: mask: 0xffffffffffffffff max_cycles: 0x1cd42e4dffb, max_idle_ns: 881590591483 ns
[    0.000000] Zone ranges:
[    0.000000]   DMA      [mem 0x0000000000001000-0x0000000000ffffff]
[    0.000000]   DMA32    [mem 0x0000000001000000-0x000000000fdeffff]
[    0.000000]   Normal   empty
[    0.000000]   Device   empty
[    0.000000] Movable zone start for each node
[    0.000000] Early memory node ranges
[    0.000000]   node   0: [mem 0x0000000000001000-0x000000000009efff]
[    0.000000]   node   0: [mem 0x0000000000100000-0x000000000fdeffff]
[    0.000000] Reserved but unavailable: 104 pages
[    0.000000] Initmem setup node 0 [mem 0x0000000000001000-0x000000000fdeffff]
[    0.000000] ACPI: PM-Timer IO Port: 0x4008
[    0.000000] IOAPIC[0]: apic_id 2, version 32, address 0xfec00000, GSI 0-23
[    0.000000] ACPI: INT_SRC_OVR (bus 0 bus_irq 0 global_irq 2 dfl dfl)
[    0.000000] ACPI: INT_SRC_OVR (bus 0 bus_irq 9 global_irq 9 low level)
[    0.000000] Using ACPI (MADT) for SMP configuration information
[    0.000000] smpboot: Allowing 2 CPUs, 0 hotplug CPUs
[    0.000000] PM: Registered nosave memory: [mem 0x00000000-0x00000fff]
[    0.000000] PM: Registered nosave memory: [mem 0x0009f000-0x0009ffff]
[    0.000000] PM: Registered nosave memory: [mem 0x000a0000-0x000effff]
[    0.000000] PM: Registered nosave memory: [mem 0x000f0000-0x000fffff]
[    0.000000] e820: [mem 0x0fe00000-0xfebfffff] available for PCI devices
[    0.000000] Booting paravirtualized kernel on KVM
[    0.000000] clocksource: refined-jiffies: mask: 0xffffffff max_cycles: 0xffffffff, max_idle_ns: 7645519600211568 ns
[    0.000000] setup_percpu: NR_CPUS:8192 nr_cpumask_bits:2 nr_cpu_ids:2 nr_node_ids:1
[    0.000000] percpu: Embedded 50 pages/cpu s167936 r8192 d28672 u1048576
[    0.000000] PV qspinlock hash table entries: 256 (order: 0, 4096 bytes)
[    0.000000] Built 1 zonelists, mobility grouping on.  Total pages: 63873
[    0.000000] Policy zone: DMA32
[    0.000000] Kernel command line: BOOT_IMAGE=/boot/vmlinuz-4.15.0-194-generic root=LABEL=cloudimg-rootfs ro console=tty1 console=ttyS0
[    0.000000] Memory: 206460K/259640K available (12300K kernel code, 2477K rwdata, 4320K rodata, 2472K init, 2720K bss, 53180K reserved, 0K cma-reserved)
[    0.000000] SLUB: HWalign=64, Order=0-3, MinObjects=0, CPUs=2, Nodes=1
[    0.000000] Kernel/User page tables isolation: enabled
[    0.000000] ftrace: allocating 39477 entries in 155 pages
[    0.004000] Hierarchical RCU implementation.
[    0.004000] 	RCU restricting CPUs from NR_CPUS=8192 to nr_cpu_ids=2.
[    0.004000] 	Tasks RCU enabled.
[    0.004000] RCU: Adjusting geometry for rcu_fanout_leaf=16, nr_cpu_ids=2
[    0.004000] NR_IRQS: 524544, nr_irqs: 440, preallocated irqs: 16
[    0.004000] Console: colour VGA+ 80x25
[    0.004000] console [tty1] enabled
[    0.004000] console [ttyS0] enabled
[    0.004000] ACPI: Core revision 20170831
[    0.004000] ACPI: 2 ACPI AML tables successfully acquired and loaded
[    0.004000] APIC: Switch to symmetric I/O mode setup
[    0.004000] x2apic enabled
[    0.004012] Switched APIC routing to physical x2apic.
[    0.008000] ..TIMER: vector=0x30 apic1=0 pin1=2 apic2=-1 pin2=-1
[    0.008008] tsc: Detected 3092.988 MHz processor
[    0.012017] Calibrating delay loop (skipped) preset value.. 6185.97 BogoMIPS (lpj=12371952)
[    0.016008] pid_max: default: 32768 minimum: 301
[    0.018303] Security Framework initialized
[    0.020007] Yama: becoming mindful.
[    0.021724] AppArmor: AppArmor initialized
[    0.023759] Dentry cache hash table entries: 32768 (order: 6, 262144 bytes)
[    0.024058] Inode-cache hash table entries: 16384 (order: 5, 131072 bytes)
[    0.027260] Mount-cache hash table entries: 512 (order: 0, 4096 bytes)
[    0.028013] Mountpoint-cache hash table entries: 512 (order: 0, 4096 bytes)
[    0.032824] Last level iTLB entries: 4KB 512, 2MB 8, 4MB 8
[    0.036009] Last level dTLB entries: 4KB 512, 2MB 32, 4MB 32, 1GB 0
[    0.038790] Spectre V1 : Mitigation: usercopy/swapgs barriers and __user pointer sanitization
[    0.040010] Spectre V2 : Mitigation: Retpolines
[    0.044007] Spectre V2 : Spectre v2 / SpectreRSB mitigation: Filling RSB on context switch
[    0.048009] Speculative Store Bypass: Vulnerable
[    0.050107] MDS: Vulnerable: Clear CPU buffers attempted, no microcode
[    0.052440] Freeing SMP alternatives memory: 36K
[    0.169218] smpboot: CPU0: Intel(R) Core(TM) i3-2100 CPU @ 3.10GHz (family: 0x6, model: 0x2a, stepping: 0x7)
[    0.172160] Performance Events: unsupported p6 CPU model 42 no PMU driver, software events only.
[    0.176120] Hierarchical SRCU implementation.
[    0.178975] NMI watchdog: Perf event create on CPU 0 failed with -2
[    0.180006] NMI watchdog: Perf NMI watchdog permanently disabled
[    0.184106] smp: Bringing up secondary CPUs ...
[    0.186431] x86: Booting SMP configuration:
[    0.188004] .... node  #0, CPUs:      #1
[    0.004000] kvm-clock: cpu 1, msr 0:fd44041, secondary cpu clock
[    0.195347] smp: Brought up 1 node, 2 CPUs
[    0.196012] smpboot: Max logical packages: 1
[    0.197598] smpboot: Total of 2 processors activated (12371.95 BogoMIPS)
[    0.200287] devtmpfs: initialized
[    0.204078] x86/mm: Memory block size: 128MB
[    0.206368] evm: security.selinux
[    0.208005] evm: security.SMACK64
[    0.209648] evm: security.SMACK64EXEC
[    0.211223] evm: security.SMACK64TRANSMUTE
[    0.212006] evm: security.SMACK64MMAP
[    0.213645] evm: security.apparmor
[    0.216003] evm: security.ima
[    0.217462] evm: security.capability
[    0.219207] clocksource: jiffies: mask: 0xffffffff max_cycles: 0xffffffff, max_idle_ns: 7645041785100000 ns
[    0.220030] futex hash table entries: 512 (order: 3, 32768 bytes)
[    0.224084] pinctrl core: initialized pinctrl subsystem
[    0.228216] RTC time: 13:17:34, date: 10/18/22
[    0.232242] NET: Registered protocol family 16
[    0.234545] audit: initializing netlink subsys (disabled)
[    0.236050] audit: type=2000 audit(1666099061.546:1): state=initialized audit_enabled=0 res=1
[    0.239723] cpuidle: using governor ladder
[    0.240012] cpuidle: using governor menu
[    0.244116] ACPI: bus type PCI registered
[    0.246008] acpiphp: ACPI Hot Plug PCI Controller Driver version: 0.5
[    0.248252] PCI: Using configuration type 1 for base access
[    0.254197] HugeTLB registered 2.00 MiB page size, pre-allocated 0 pages
[    0.256161] ACPI: Added _OSI(Module Device)
[    0.260013] ACPI: Added _OSI(Processor Device)
[    0.262065] ACPI: Added _OSI(3.0 _SCP Extensions)
[    0.264011] ACPI: Added _OSI(Processor Aggregator Device)
[    0.266458] ACPI: Added _OSI(Linux-Dell-Video)
[    0.268005] ACPI: Added _OSI(Linux-Lenovo-NV-HDMI-Audio)
[    0.270277] ACPI: Added _OSI(Linux-HPI-Hybrid-Graphics)
[    0.272729] ACPI: Executed 1 blocks of module-level executable AML code
[    0.291350] ACPI: Interpreter enabled
[    0.292044] ACPI: (supports S0 S5)
[    0.293658] ACPI: Using IOAPIC for interrupt routing
[    0.297137] PCI: Using host bridge windows from ACPI; if necessary, use "pci=nocrs" and report a bug
[    0.300495] ACPI: Enabled 2 GPEs in block 00 to 07
[    0.324821] ACPI: PCI Root Bridge [PCI0] (domain 0000 [bus 00-ff])
[    0.327570] acpi PNP0A03:00: _OSC: OS supports [ASPM ClockPM Segments MSI]
[    0.332111] acpi PNP0A03:00: _OSC: not requesting OS control; OS requires [ExtendedConfig ASPM ClockPM MSI]
[    0.336030] acpi PNP0A03:00: fail to add MMCONFIG information, can't access extended PCI configuration space under this bridge.
[    0.344219] PCI host bridge to bus 0000:00
[    0.346076] pci_bus 0000:00: root bus resource [io  0x0000-0x0cf7 window]
[    0.348015] pci_bus 0000:00: root bus resource [io  0x0d00-0xffff window]
[    0.350854] pci_bus 0000:00: root bus resource [mem 0x000a0000-0x000bffff window]
[    0.352009] pci_bus 0000:00: root bus resource [mem 0x0fe00000-0xfdffffff window]
[    0.356008] pci_bus 0000:00: root bus resource [bus 00-ff]
[    0.367501] pci 0000:00:01.1: legacy IDE quirk: reg 0x10: [io  0x01f0-0x01f7]
[    0.368005] pci 0000:00:01.1: legacy IDE quirk: reg 0x14: [io  0x03f6]
[    0.372005] pci 0000:00:01.1: legacy IDE quirk: reg 0x18: [io  0x0170-0x0177]
[    0.376008] pci 0000:00:01.1: legacy IDE quirk: reg 0x1c: [io  0x0376]
[    0.397932] pci 0000:00:07.0: quirk: [io  0x4000-0x403f] claimed by PIIX4 ACPI
[    0.400035] pci 0000:00:07.0: quirk: [io  0x4100-0x410f] claimed by PIIX4 SMB
[    0.418112] ACPI: PCI Interrupt Link [LNKA] (IRQs 5 9 10 *11)
[    0.421121] ACPI: PCI Interrupt Link [LNKB] (IRQs 5 9 *10 11)
[    0.424380] ACPI: PCI Interrupt Link [LNKC] (IRQs 5 *9 10 11)
[    0.428391] ACPI: PCI Interrupt Link [LNKD] (IRQs 5 9 10 *11)
[    0.432248] SCSI subsystem initialized
[    0.434115] pci 0000:00:02.0: vgaarb: setting as boot VGA device
[    0.434501] pci 0000:00:02.0: vgaarb: VGA device added: decodes=io+mem,owns=io+mem,locks=none
[    0.436032] pci 0000:00:02.0: vgaarb: bridge control possible
[    0.438674] vgaarb: loaded
[    0.440000] ACPI: bus type USB registered
[    0.440079] usbcore: registered new interface driver usbfs
[    0.444038] usbcore: registered new interface driver hub
[    0.446487] usbcore: registered new device driver usb
[    0.448161] EDAC MC: Ver: 3.0.0
[    0.454265] PCI: Using ACPI for IRQ routing
[    0.456679] NetLabel: Initializing
[    0.458428] NetLabel:  domain hash size = 128
[    0.460008] NetLabel:  protocols = UNLABELED CIPSOv4 CALIPSO
[    0.464041] NetLabel:  unlabeled traffic allowed by default
[    0.466589] clocksource: Switched to clocksource kvm-clock
[    0.514895] VFS: Disk quotas dquot_6.6.0
[    0.516877] VFS: Dquot-cache hash table entries: 512 (order 0, 4096 bytes)
[    0.520230] AppArmor: AppArmor Filesystem Enabled
[    0.522683] pnp: PnP ACPI init
[    0.527811] pnp: PnP ACPI: found 3 devices
[    0.543211] clocksource: acpi_pm: mask: 0xffffff max_cycles: 0xffffff, max_idle_ns: 2085701024 ns
[    0.547464] NET: Registered protocol family 2
[    0.549639] IP idents hash table entries: 4096 (order: 3, 32768 bytes)
[    0.552932] TCP established hash table entries: 2048 (order: 2, 16384 bytes)
[    0.556209] TCP bind hash table entries: 2048 (order: 3, 32768 bytes)
[    0.559091] TCP: Hash tables configured (established 2048 bind 2048)
[    0.562179] UDP hash table entries: 256 (order: 1, 8192 bytes)
[    0.564569] UDP-Lite hash table entries: 256 (order: 1, 8192 bytes)
[    0.567544] NET: Registered protocol family 1
[    0.570122] pci 0000:00:00.0: Limiting direct PCI/PCI transfers
[    0.572961] pci 0000:00:01.0: Activating ISA DMA hang workarounds
[    0.576136] pci 0000:00:02.0: Video device with shadowed ROM at [mem 0x000c0000-0x000dffff]
[    0.580924] Unpacking initramfs...
[    1.312194] Freeing initrd memory: 19528K
[    1.314015] clocksource: tsc: mask: 0xffffffffffffffff max_cycles: 0x2c9567618ac, max_idle_ns: 440795243255 ns
[    1.317661] platform rtc_cmos: registered platform RTC device (no PNP device found)
[    1.320657] Scanning for low memory corruption every 60 seconds
[    1.323973] Initialise system trusted keyrings
[    1.325747] Key type blacklist registered
[    1.327420] workingset: timestamp_bits=36 max_order=16 bucket_order=0
[    1.334005] zbud: loaded
[    1.336814] squashfs: version 4.0 (2009/01/31) Phillip Lougher
[    1.339778] fuse init (API version 7.26)
[    1.346587] Key type asymmetric registered
[    1.348520] Asymmetric key parser 'x509' registered
[    1.350813] Block layer SCSI generic (bsg) driver version 0.4 loaded (major 246)
[    1.354440] io scheduler noop registered
[    1.356331] io scheduler deadline registered
[    1.358377] io scheduler cfq registered (default)
[    1.361165] ACPI: AC Adapter [AC] (on-line)
[    1.363201] input: Power Button as /devices/LNXSYSTM:00/LNXPWRBN:00/input/input0
[    1.366725] ACPI: Power Button [PWRF]
[    1.368667] input: Sleep Button as /devices/LNXSYSTM:00/LNXSLPBN:00/input/input1
[    1.372123] ACPI: Sleep Button [SLPF]
[    1.374649] Serial: 8250/16550 driver, 32 ports, IRQ sharing enabled
[    1.399840] 00:02: ttyS0 at I/O 0x3f8 (irq = 4, base_baud = 115200) is a 16550A
[    1.410511] Linux agpgart interface v0.103
[    1.416743] loop: module loaded
[    1.419885] scsi host0: ata_piix
[    1.421993] scsi host1: ata_piix
[    1.436358] ata1: PATA max UDMA/33 cmd 0x1f0 ctl 0x3f6 bmdma 0xd000 irq 14
[    1.439360] ata2: PATA max UDMA/33 cmd 0x170 ctl 0x376 bmdma 0xd008 irq 15
[    1.443026] tun: Universal TUN/TAP device driver, 1.6
[    1.445915] PPP generic driver version 2.4.2
[    1.448155] ehci_hcd: USB 2.0 'Enhanced' Host Controller (EHCI) Driver
[    1.451051] ehci-pci: EHCI PCI platform driver
[    1.453213] ehci-platform: EHCI generic platform driver
[    1.455617] ohci_hcd: USB 1.1 'Open' Host Controller (OHCI) Driver
[    1.458276] ohci-pci: OHCI PCI platform driver
[    1.460365] ohci-platform: OHCI generic platform driver
[    1.462825] uhci_hcd: USB Universal Host Controller Interface driver
[    1.465853] i8042: PNP: PS/2 Controller [PNP0303:PS2K,PNP0f03:PS2M] at 0x60,0x64 irq 1,12
[    1.470508] serio: i8042 KBD port at 0x60,0x64 irq 1
[    1.472929] serio: i8042 AUX port at 0x60,0x64 irq 12
[    1.475581] mousedev: PS/2 mouse device common for all mice
[    1.479278] input: AT Translated Set 2 keyboard as /devices/platform/i8042/serio0/input/input2
[    1.480237] rtc_cmos rtc_cmos: rtc core: registered rtc_cmos as rtc0
[    1.486333] rtc_cmos rtc_cmos: alarms up to one day, 114 bytes nvram
[    1.489407] i2c /dev entries driver
[    1.491209] device-mapper: uevent: version 1.0.3
[    1.493463] device-mapper: ioctl: 4.37.0-ioctl (2017-09-20) initialised: dm-devel@redhat.com
[    1.497420] ledtrig-cpu: registered to indicate activity on CPUs
[    1.500878] NET: Registered protocol family 10
[    1.511106] Segment Routing with IPv6
[    1.513065] NET: Registered protocol family 17
[    1.515288] Key type dns_resolver registered
[    1.517660] mce: Using 0 MCE banks
[    1.519446] RAS: Correctable Errors collector initialized.
[    1.521996] sched_clock: Marking stable (1521942780, 0)->(1938634788, -416692008)
[    1.526370] registered taskstats version 1
[    1.528300] Loading compiled-in X.509 certificates
[    1.535745] Loaded X.509 cert 'Build time autogenerated kernel key: 6303a3b02fa1c7713b8a75ba7ba622fabd5dd271'
[    1.541414] Loaded X.509 cert 'Canonical Ltd. Live Patch Signing: 14df34d1a87cf37625abec039ef2bf521249b969'
[    1.547504] Loaded X.509 cert 'Canonical Ltd. Kernel Module Signing: 88f752e560a1e0737e31163a466ad7b70a850c19'
[    1.551795] blacklist: Loading compiled-in revocation X.509 certificates
[    1.555058] Loaded X.509 cert 'Canonical Ltd. Secure Boot Signing: 61482aa2830d0ab2ad5af10b7250da9033ddcef0'
[    1.559787] zswap: loaded using pool lzo/zbud
[    1.570706] Key type big_key registered
[    1.572628] Key type trusted registered
[    1.578188] Key type encrypted registered
[    1.580110] AppArmor: AppArmor sha1 policy hashing enabled
[    1.582670] ima: No TPM chip found, activating TPM-bypass! (rc=-19)
[    1.585487] ima: Allocated hash algorithm: sha1
[    1.587505] evm: HMAC attrs: 0x1
[    1.589682]   Magic number: 10:475:281
[    1.591552] tty tty18: hash matches
[    1.593529] rtc_cmos rtc_cmos: setting system clock to 2022-10-18 13:17:35 UTC (1666099055)
[    1.597789] BIOS EDD facility v0.16 2004-Jun-25, 0 devices found
[    1.600434] EDD information not available.
[    1.641699] Freeing unused kernel image memory: 2472K
[    1.663754] Write protecting the kernel read-only data: 20480k
[    1.667936] Freeing unused kernel image memory: 2008K
[    1.671088] Freeing unused kernel image memory: 1824K
[    1.717148] x86/mm: Checked W+X mappings: passed, no W+X pages found.
[    1.720613] x86/mm: Checking user space page tables
[    1.762895] x86/mm: Checked W+X mappings: passed, no W+X pages found.
Loading, please wait...
starting version 237
[    1.985853] Fusion MPT base driver 3.04.20
[    1.987940] Copyright (c) 1999-2008 LSI Corporation
[    1.999671] e1000: Intel(R) PRO/1000 Network Driver - version 7.3.21-k8-NAPI
[    2.002901] e1000: Copyright (c) 1999-2006 Intel Corporation.
[    2.044013] Fusion MPT SPI Host driver 3.04.20
[    2.199949] input: ImExPS/2 Generic Explorer Mouse as /devices/platform/i8042/serio1/input/input4
[    2.522524] e1000 0000:00:03.0 eth0: (PCI:33MHz:32-bit) 02:8e:c5:29:b5:69
[    2.525609] e1000 0000:00:03.0 eth0: Intel(R) PRO/1000 Network Connection
[    3.359177] e1000 0000:00:08.0 eth1: (PCI:33MHz:32-bit) 08:00:27:6b:a0:76
[    3.362225] e1000 0000:00:08.0 eth1: Intel(R) PRO/1000 Network Connection
[    3.367961] e1000 0000:00:08.0 enp0s8: renamed from eth1
[    3.373041] mptbase: ioc0: Initiating bringup
[    3.385418] e1000 0000:00:03.0 enp0s3: renamed from eth0
[    3.473252] ioc0: LSI53C1030 A0: Capabilities={Initiator}
[    3.718998] scsi host2: ioc0: LSI53C1030 A0, FwRev=00000000h, Ports=1, MaxQ=256, IRQ=20
[    3.893085] scsi 2:0:0:0: Direct-Access     VBOX     HARDDISK         1.0  PQ: 0 ANSI: 5
[    3.928681] scsi target2:0:0: Beginning Domain Validation
[    3.933495] scsi target2:0:0: Domain Validation skipping write tests
[    3.936552] scsi target2:0:0: Ending Domain Validation
[    3.939249] scsi target2:0:0: asynchronous
[    3.942299] scsi 2:0:1:0: Direct-Access     VBOX     HARDDISK         1.0  PQ: 0 ANSI: 5
[    3.976527] scsi target2:0:1: Beginning Domain Validation
[    3.982195] scsi target2:0:1: Domain Validation skipping write tests
[    3.985231] scsi target2:0:1: Ending Domain Validation
[    3.987802] scsi target2:0:1: asynchronous
[    3.998572] sd 2:0:0:0: Attached scsi generic sg0 type 0
[    3.998917] sd 2:0:0:0: [sda] 83886080 512-byte logical blocks: (42.9 GB/40.0 GiB)
[    4.005833] sd 2:0:1:0: Attached scsi generic sg1 type 0
[    4.006556] sd 2:0:0:0: [sda] Write Protect is off
[    4.014595] sd 2:0:1:0: [sdb] 20480 512-byte logical blocks: (10.5 MB/10.0 MiB)
[    4.014743] sd 2:0:0:0: [sda] Incomplete mode parameter data
[    4.020777] sd 2:0:0:0: [sda] Assuming drive cache: write through
[    4.020806] sd 2:0:1:0: [sdb] Write Protect is off
[    4.026675] sd 2:0:1:0: [sdb] Incomplete mode parameter data
[    4.029634] sd 2:0:1:0: [sdb] Assuming drive cache: write through
[    4.040368]  sda: sda1
[    4.043056] sd 2:0:0:0: [sda] Attached SCSI disk
[    4.063505] sd 2:0:1:0: [sdb] Attached SCSI disk
Begin: Loading essential drivers ... [    6.472049] raid6: sse2x1   gen()  2473 MB/s
[    6.520687] raid6: sse2x1   xor()  1607 MB/s
[    6.568554] raid6: sse2x2   gen()  4506 MB/s
[    6.616393] raid6: sse2x2   xor()  2466 MB/s
[    6.664246] raid6: sse2x4   gen()  6267 MB/s
[    6.712105] raid6: sse2x4   xor()  3310 MB/s
[    6.714164] raid6: using algorithm sse2x4 gen() 6267 MB/s
[    6.716635] raid6: .... xor() 3310 MB/s, rmw enabled
[    6.719177] raid6: using ssse3x2 recovery algorithm
[    6.723949] xor: automatically using best checksumming function   avx       
[    6.729905] async_tx: api initialized (async)
done.
Begin: Running /scripts/init-premount ... done.
Begin: Mounting root file system ... Begin: Running /scripts/local-top ... done.
Begin: Running /scripts/local-premount ... [    6.859333] Btrfs loaded, crc32c=crc32c-intel
Scanning for Btrfs filesystems
done.
Warning: fsck not present, so skipping root file system
[    7.073017] EXT4-fs (sda1): INFO: recovery required on readonly filesystem
[    7.076156] EXT4-fs (sda1): write access will be enabled during recovery
[    7.211626] EXT4-fs (sda1): recovery complete
[    7.213580] EXT4-fs (sda1): mounted filesystem with ordered data mode. Opts: (null)
done.
Begin: Running /scripts/local-bottom ... done.
Begin: Running /scripts/init-bottom ... done.
[    8.983613] ip_tables: (C) 2000-2006 Netfilter Core Team
[    9.390522] systemd[1]: systemd 237 running in system mode. (+PAM +AUDIT +SELINUX +IMA +APPARMOR +SMACK +SYSVINIT +UTMP +LIBCRYPTSETUP +GCRYPT +GNUTLS +ACL +XZ +LZ4 +SECCOMP +BLKID +ELFUTILS +KMOD -IDN2 +IDN -PCRE2 default-hierarchy=hybrid)
[    9.401070] systemd[1]: Detected virtualization oracle.
[    9.403509] systemd[1]: Detected architecture x86-64.

Welcome to [1mUbuntu 18.04.6 LTS[0m!

[    9.563386] systemd[1]: Set hostname to <web03>.
[   10.503848] random: crng init done
[   12.443252] systemd[1]: Created slice System Slice.
[[0;32m  OK  [0m] Created slice System Slice.
[   12.447675] systemd[1]: Listening on udev Control Socket.
[[0;32m  OK  [0m] Listening on udev Control Socket.
[   12.452343] systemd[1]: Listening on LVM2 metadata daemon socket.
[[0;32m  OK  [0m] Listening on LVM2 metadata daemon socket.
[   12.457585] systemd[1]: Listening on Network Service Netlink Socket.
[[0;32m  OK  [0m] Listening on Network Service Netlink Socket.
[   12.462466] systemd[1]: Reached target User and Group Name Lookups.
[[0;32m  OK  [0m] Reached target User and Group Name Lookups.
[   12.467135] systemd[1]: Reached target Swap.
[[0;32m  OK  [0m] Reached target Swap.
[[0;32m  OK  [0m] Set up automount Arbitrary Executab…rmats File System Automount Point.
[[0;32m  OK  [0m] Listening on Device-mapper event daemon FIFOs.
[[0;32m  OK  [0m] Listening on Syslog Socket.
[[0;32m  OK  [0m] Listening on udev Kernel Socket.
[[0;32m  OK  [0m] Created slice system-serial\x2dgetty.slice.
[[0;32m  OK  [0m] Reached target System Time Synchronized.
[[0;32m  OK  [0m] Listening on /dev/initctl Compatibility Named Pipe.
[[0;32m  OK  [0m] Listening on fsck to fsckd communication Socket.
[[0;32m  OK  [0m] Created slice User and Session Slice.
[[0;32m  OK  [0m] Reached target Slices.
[[0;32m  OK  [0m] Listening on LVM2 poll daemon socket.
[[0;32m  OK  [0m] Listening on Journal Audit Socket.
[[0;32m  OK  [0m] Started Forward Password Requests to Wall Directory Watch.
[[0;32m  OK  [0m] Listening on Journal Socket.
         Starting Monitoring of LVM2 mirrors…ng dmeventd or progress polling...
         Starting Load Kernel Modules...
         Starting File System Check on Root Device...
         Mounting Kernel Debug File System...
[   12.602790] Loading iSCSI transport class v2.0-870.
         Starting udev Coldplug all Devices...
         Starting Create list of required st…ce nodes for the current kernel...
         Starting Set the console keyboard layout...
         Mounting Huge Pages File System...
         Mounting POSIX Message Queue File System...
         Starting Uncomplicated firewall...
[[0;32m  OK  [0m] Listening on Journal Socket (/dev/log).
         Starting Journal Service...
[[0;32m  OK  [0m] Mounted Kernel Debug File System.
[[0;32m  OK  [0m] Mounted Huge Pages File System.
[[0;32m  OK  [0m] Mounted POSIX Message Queue File System.
[[0;32m  OK  [0m] Started File System Check Daemon to report status.
[   12.814239] iscsi: registered transport (tcp)
[[0;32m  OK  [0m] Started udev Coldplug all Devices.
[[0;32m  OK  [0m] Started Create list of required sta…vice nodes for the current kernel.
         Starting Create Static Device Nodes in /dev...
[[0;32m  OK  [0m] Started Uncomplicated firewall.
[   13.344347] iscsi: registered transport (iser)
[[0;32m  OK  [0m] Started Load Kernel Modules.
         Mounting FUSE Control File System...
         Starting Apply Kernel Variables...
         Mounting Kernel Configuration File System...
[[0;32m  OK  [0m] Mounted FUSE Control File System.
[[0;32m  OK  [0m] Mounted Kernel Configuration File System.
[[0;32m  OK  [0m] Started File System Check on Root Device.
         Starting Remount Root and Kernel File Systems...
[[0;32m  OK  [0m] Started Journal Service.
[[0;32m  OK  [0m] Started LVM2 metadata daemon.
[[0;32m  OK  [0m] Started Create Static Device Nodes in /dev.
[[0;32m  OK  [0m] Started Remount Root and Kernel File Systems.
[[0;32m  OK  [0m] Started Apply Kernel Variables.
         Starting Flush Journal to Persistent Storage...
         Starting udev Kernel Device Manager...
         Starting Load/Save Random Seed...
[[0;32m  OK  [0m] Started Load/Save Random Seed.
[[0;32m  OK  [0m] Started Monitoring of LVM2 mirrors,…sing dmeventd or progress polling.
[[0;32m  OK  [0m] Started Set the console keyboard layout.
[[0;32m  OK  [0m] Reached target Local File Systems (Pre).
[[0;32m  OK  [0m] Reached target Local File Systems.
         Starting Set console font and keymap...
         Starting ebtables ruleset management...
         Starting Tell Plymouth To Write Out Runtime Data...
         Starting AppArmor initialization...
[[0;32m  OK  [0m] Started Set console font and keymap.
[[0;32m  OK  [0m] Started Tell Plymouth To Write Out Runtime Data.
[[0;32m  OK  [0m] Started udev Kernel Device Manager.
[[0;32m  OK  [0m] Started Dispatch Password Requests to Console Directory Watch.
[[0;32m  OK  [0m] Reached target Local Encrypted Volumes.
[[0;32m  OK  [0m] Started ebtables ruleset management.
[[0;32m  OK  [0m] Started Flush Journal to Persistent Storage.
         Starting Create Volatile Files and Directories...
[[0;32m  OK  [0m] Started Create Volatile Files and Directories.
         Starting Update UTMP about System Boot/Shutdown...
[[0;32m  OK  [0m] Started Update UTMP about System Boot/Shutdown.
[[0;32m  OK  [0m] Found device /dev/ttyS0.
[[0;32m  OK  [0m] Listening on Load/Save RF Kill Switch Status /dev/rfkill Watch.
[[0;32m  OK  [0m] Started AppArmor initialization.
         Starting Load AppArmor profiles managed internally by snapd...
         Starting Initial cloud-init job (pre-networking)...
[[0;32m  OK  [0m] Started Load AppArmor profiles managed internally by snapd.
[   32.397997] cloud-init[536]: Cloud-init v. 22.2-0ubuntu1~18.04.3 running 'init-local' at Tue, 18 Oct 2022 13:18:05 +0000. Up 31.74 seconds.
[[0;32m  OK  [0m] Started Initial cloud-init job (pre-networking).
[[0;32m  OK  [0m] Reached target Network (Pre).
         Starting Network Service...
[[0;32m  OK  [0m] Started Network Service.
         Starting Network Name Resolution...
         Starting Wait for Network to be Configured...
[[0;32m  OK  [0m] Started Network Name Resolution.
[[0;32m  OK  [0m] Reached target Network.
[[0;32m  OK  [0m] Reached target Host and Network Name Lookups.
[[0;32m  OK  [0m] Started Wait for Network to be Configured.
         Starting Initial cloud-init job (metadata service crawler)...
[   36.145867] cloud-init[652]: Cloud-init v. 22.2-0ubuntu1~18.04.3 running 'init' at Tue, 18 Oct 2022 13:18:09 +0000. Up 35.64 seconds.
[   36.149463] cloud-init[652]: ci-info: ++++++++++++++++++++++++++++++++++++++Net device info+++++++++++++++++++++++++++++++++++++++
[   36.152920] cloud-init[652]: ci-info: +--------+------+-----------------------------+---------------+--------+-------------------+
[   36.156430] cloud-init[652]: ci-info: | Device |  Up  |           Address           |      Mask     | Scope  |     Hw-Address    |
[   36.159856] cloud-init[652]: ci-info: +--------+------+-----------------------------+---------------+--------+-------------------+
[   36.163481] cloud-init[652]: ci-info: | enp0s3 | True |          10.0.2.15          | 255.255.255.0 | global | 02:8e:c5:29:b5:69 |
[   36.166817] cloud-init[652]: ci-info: | enp0s3 | True |  fe80::8e:c5ff:fe29:b569/64 |       .       |  link  | 02:8e:c5:29:b5:69 |
[   36.170020] cloud-init[652]: ci-info: | enp0s8 | True |        192.168.10.15        | 255.255.255.0 | global | 08:00:27:6b:a0:76 |
[   36.174645] cloud-init[652]: ci-info: | enp0s8 | True | fe80::a00:27ff:fe6b:a076/64 |       .       |  link  | 08:00:27:6b:a0:76 |
[   36.178635] cloud-init[652]: ci-info: |   lo   | True |          127.0.0.1          |   255.0.0.0   |  host  |         .         |
[   36.182883] cloud-init[652]: ci-info: |   lo   | True |           ::1/128           |       .       |  host  |         .         |
[   36.186910] cloud-init[652]: ci-info: +--------+------+-----------------------------+---------------+--------+-------------------+
[   36.191028] cloud-init[652]: ci-info: +++++++++++++++++++++++++++++Route IPv4 info+++++++++++++++++++++++++++++
[   36.194523] cloud-init[652]: ci-info: +-------+--------------+----------+-----------------+-----------+-------+
[   36.197991] cloud-init[652]: ci-info: | Route | Destination  | Gateway  |     Genmask     | Interface | Flags |
[   36.201661] cloud-init[652]: ci-info: +-------+--------------+----------+-----------------+-----------+-------+
[   36.204723] cloud-init[652]: ci-info: |   0   |   0.0.0.0    | 10.0.2.2 |     0.0.0.0     |   enp0s3  |   UG  |
[   36.208183] cloud-init[652]: ci-info: |   1   |   10.0.2.0   | 0.0.0.0  |  255.255.255.0  |   enp0s3  |   U   |
[   36.211642] cloud-init[652]: ci-info: |   2   |   10.0.2.2   | 0.0.0.0  | 255.255.255.255 |   enp0s3  |   UH  |
[   36.215033] cloud-init[652]: ci-info: |   3   | 192.168.10.0 | 0.0.0.0  |  255.255.255.0  |   enp0s8  |   U   |
[   36.218732] cloud-init[652]: ci-info: +-------+--------------+----------+-----------------+-----------+-------+
[   36.222257] cloud-init[652]: ci-info: +++++++++++++++++++Route IPv6 info+++++++++++++++++++
[   36.225128] cloud-init[652]: ci-info: +-------+-------------+---------+-----------+-------+
[   36.228230] cloud-init[652]: ci-info: | Route | Destination | Gateway | Interface | Flags |
[   36.231267] cloud-init[652]: ci-info: +-------+-------------+---------+-----------+-------+
[   36.234137] cloud-init[652]: ci-info: |   1   |  fe80::/64  |    ::   |   enp0s8  |   U   |
[   36.237355] cloud-init[652]: ci-info: |   2   |  fe80::/64  |    ::   |   enp0s3  |   U   |
[   36.240560] cloud-init[652]: ci-info: |   4   |    local    |    ::   |   enp0s3  |   U   |
[   36.243464] cloud-init[652]: ci-info: |   5   |    local    |    ::   |   enp0s8  |   U   |
[   36.246254] cloud-init[652]: ci-info: |   6   |   ff00::/8  |    ::   |   enp0s8  |   U   |
[   36.249286] cloud-init[652]: ci-info: |   7   |   ff00::/8  |    ::   |   enp0s3  |   U   |
[   36.252225] cloud-init[652]: ci-info: +-------+-------------+---------+-----------+-------+
[[0;32m  OK  [0m] Started Initial cloud-init job (metadata service crawler).
[[0;32m  OK  [0m] Reached target System Initialization.
[[0;32m  OK  [0m] Listening on ACPID Listen Socket.
[[0;32m  OK  [0m] Listening on UUID daemon activation socket.
         Starting LXD - unix socket.
[[0;32m  OK  [0m] Started Message of the Day.
[[0;32m  OK  [0m] Started Discard unused blocks once a week.
         Starting Socket activation for snappy daemon.
[[0;32m  OK  [0m] Started Daily apt download activities.
[[0;32m  OK  [0m] Started Daily apt upgrade and clean activities.
[[0;32m  OK  [0m] Listening on D-Bus System Message Bus Socket.
[[0;32m  OK  [0m] Started Daily Cleanup of Temporary Directories.
[[0;32m  OK  [0m] Started Ubuntu Advantage Timer for running repeated jobs.
[[0;32m  OK  [0m] Listening on cloud-init hotplug hook socket.
[[0;32m  OK  [0m] Reached target Timers.
[[0;32m  OK  [0m] Listening on Open-iSCSI iscsid Socket.
[[0;32m  OK  [0m] Started ACPI Events Check.
[[0;32m  OK  [0m] Reached target Paths.
[[0;32m  OK  [0m] Reached target Network is Online.
         Starting Availability of block devices...
[[0;32m  OK  [0m] Reached target Remote File Systems (Pre).
         Mounting /vagrant...
[[0;32m  OK  [0m] Reached target Cloud-config availability.
[[0;32m  OK  [0m] Listening on LXD - unix socket.
[[0;32m  OK  [0m] Listening on Socket activation for snappy daemon.
[[0;32m  OK  [0m] Started Availability of block devices.
[[0;32m  OK  [0m] Reached target Sockets.
[[0;32m  OK  [0m] Reached target Basic System.
[[0;32m  OK  [0m] Started D-Bus System Message Bus.
         Starting Virtualbox guest utils...
         Starting Accounts Service...
[[0;32m  OK  [0m] Started irqbalance daemon.
[[0;32m  OK  [0m] Started Deferred execution scheduler.
         Starting Login Service...
         Starting Snap Daemon...
         Starting LSB: Record successful boot for GRUB...
[[0;32m  OK  [0m] Started Regular background program processing daemon.
         Starting Dispatcher daemon for systemd-networkd...
         Starting System Logging Service...
         Starting OpenBSD Secure Shell server...
         Starting LXD - container startup/shutdown...
[[0;32m  OK  [0m] Started FUSE filesystem for LXC.
[[0;32m  OK  [0m] Mounted /vagrant.
[[0;32m  OK  [0m] Started Login Service.
[[0;32m  OK  [0m] Started Unattended Upgrades Shutdown.
         Starting Authorization Manager...
[[0;32m  OK  [0m] Reached target Remote File Systems.
         Starting LSB: automatic crash report generation...
         Starting Permit User Sessions...
[[0;32m  OK  [0m] Started Permit User Sessions.
         Starting Terminate Plymouth Boot Screen...
         Starting Hold until boot process finishes up...
[[0;32m  OK  [0m] Started Hold until boot process finishes up.
         Starting Set console scheme...
[[0;32m  OK  [0m] Started Serial Getty on ttyS0.
[[0;32m  OK  [0m] Started Terminate Plymouth Boot Screen.
[[0;32m  OK  [0m] Started Set console scheme.
[[0;32m  OK  [0m] Created slice system-getty.slice.
[[0;32m  OK  [0m] Started Getty on tty1.
[[0;32m  OK  [0m] Reached target Login Prompts.
[[0;32m  OK  [0m] Started Authorization Manager.
[[0;32m  OK  [0m] Started Accounts Service.
[[0;32m  OK  [0m] Started LSB: automatic crash report generation.
[[0;32m  OK  [0m] Started LSB: Record successful boot for GRUB.
[[0;32m  OK  [0m] Started System Logging Service.
[[0;32m  OK  [0m] Started Virtualbox guest utils.
[[0;32m  OK  [0m] Started OpenBSD Secure Shell server.
[[0;32m  OK  [0m] Started Dispatcher daemon for systemd-networkd.

Ubuntu 18.04.6 LTS web03 ttyS0

web03 login: [   69.056088] cloud-init[1301]: Cloud-init v. 22.2-0ubuntu1~18.04.3 running 'modules:config' at Tue, 18 Oct 2022 13:18:42 +0000. Up 68.29 seconds.
[   72.499845] cloud-init[1703]: Cloud-init v. 22.2-0ubuntu1~18.04.3 running 'modules:final' at Tue, 18 Oct 2022 13:18:45 +0000. Up 71.89 seconds.
[   72.504438] cloud-init[1703]: Cloud-init v. 22.2-0ubuntu1~18.04.3 finished at Tue, 18 Oct 2022 13:18:46 +0000. Datasource DataSourceNoCloud [seed=/dev/sdb][dsmode=net].  Up 72.42 seconds
